<?xml version="1.0" encoding="UTF-8"?>
<!-- Generated by org.testng.reporters.JUnitXMLReporter -->
<testsuite ignored="8" hostname="CLIENT-PC" failures="0" tests="5" name="Test_FireFox" time="0.359" errors="0" timestamp="2021-09-15T15:17:34 EDT">
  <testcase classname="com.crm.autodesk.GenericLibraries.BaseClass" name="@BeforeClass LaunchBrowser" time="-1.631733454593E9">
    <failure type="org.testng.TestNGException" message="
Parameter &amp;apos;BROWSER&amp;apos; is required by BeforeClass on method LaunchBrowser but has not been marked @Optional or defined
in C:\Users\CLIENT\Desktop\final project-workspace\com.crm.autodesk.SDET21\testngCompatability_.xml">
      <![CDATA[org.testng.TestNGException: 
Parameter 'BROWSER' is required by BeforeClass on method LaunchBrowser but has not been marked @Optional or defined
in C:\Users\CLIENT\Desktop\final project-workspace\com.crm.autodesk.SDET21\testngCompatability_.xml
at java.base/java.util.ArrayList.forEach(ArrayList.java:1541)
at java.base/java.util.concurrent.FutureTask.run(FutureTask.java:264)
at java.base/java.util.concurrent.ThreadPoolExecutor.runWorker(ThreadPoolExecutor.java:1128)
at java.base/java.util.concurrent.ThreadPoolExecutor$Worker.run(ThreadPoolExecutor.java:628)
at java.base/java.lang.Thread.run(Thread.java:834)
... Removed 13 stack frames]]>
    </failure>
  </testcase> <!-- @BeforeClass LaunchBrowser -->
  <testcase classname="com.crm.autodesk.GenericLibraries.BaseClass" name="@BeforeMethod loginToAPP" time="-1.631733454634E9">
    <skipped/>
  </testcase> <!-- @BeforeMethod loginToAPP -->
  <testcase classname="com.crm.autodesk.GenericLibraries.BaseClass" name="@AfterMethod logoutOfApp" time="-1.631733454654E9">
    <skipped/>
  </testcase> <!-- @AfterMethod logoutOfApp -->
  <testcase classname="com.crm.autodesk.GenericLibraries.BaseClass" name="@AfterClass closeBrowser" time="-1.631733454659E9">
    <skipped/>
  </testcase> <!-- @AfterClass closeBrowser -->
  <testcase classname="com.crm.autodesk.GenericLibraries.BaseClass" name="@BeforeClass LaunchBrowser" time="-1.631733454667E9">
    <failure type="org.testng.TestNGException" message="
Parameter &amp;apos;BROWSER&amp;apos; is required by BeforeClass on method LaunchBrowser but has not been marked @Optional or defined
in C:\Users\CLIENT\Desktop\final project-workspace\com.crm.autodesk.SDET21\testngCompatability_.xml">
      <![CDATA[org.testng.TestNGException: 
Parameter 'BROWSER' is required by BeforeClass on method LaunchBrowser but has not been marked @Optional or defined
in C:\Users\CLIENT\Desktop\final project-workspace\com.crm.autodesk.SDET21\testngCompatability_.xml
at java.base/java.util.ArrayList.forEach(ArrayList.java:1541)
at java.base/java.util.concurrent.FutureTask.run(FutureTask.java:264)
at java.base/java.util.concurrent.ThreadPoolExecutor.runWorker(ThreadPoolExecutor.java:1128)
at java.base/java.util.concurrent.ThreadPoolExecutor$Worker.run(ThreadPoolExecutor.java:628)
at java.base/java.lang.Thread.run(Thread.java:834)
... Removed 13 stack frames]]>
    </failure>
  </testcase> <!-- @BeforeClass LaunchBrowser -->
  <testcase classname="com.crm.autodesk.GenericLibraries.BaseClass" name="@BeforeMethod loginToAPP" time="-1.631733454677E9">
    <skipped/>
  </testcase> <!-- @BeforeMethod loginToAPP -->
  <testcase classname="com.crm.autodesk.GenericLibraries.BaseClass" name="@AfterMethod logoutOfApp" time="-1.631733454703E9">
    <skipped/>
  </testcase> <!-- @AfterMethod logoutOfApp -->
  <testcase classname="com.crm.autodesk.GenericLibraries.BaseClass" name="@AfterClass closeBrowser" time="-1.631733454708E9">
    <skipped/>
  </testcase> <!-- @AfterClass closeBrowser -->
  <testcase classname="com.crm.autodesk.GenericLibraries.BaseClass" name="@BeforeClass LaunchBrowser" time="-1.631733454733E9">
    <failure type="org.testng.TestNGException" message="
Parameter &amp;apos;BROWSER&amp;apos; is required by BeforeClass on method LaunchBrowser but has not been marked @Optional or defined
in C:\Users\CLIENT\Desktop\final project-workspace\com.crm.autodesk.SDET21\testngCompatability_.xml">
      <![CDATA[org.testng.TestNGException: 
Parameter 'BROWSER' is required by BeforeClass on method LaunchBrowser but has not been marked @Optional or defined
in C:\Users\CLIENT\Desktop\final project-workspace\com.crm.autodesk.SDET21\testngCompatability_.xml
at java.base/java.util.ArrayList.forEach(ArrayList.java:1541)
at java.base/java.util.concurrent.FutureTask.run(FutureTask.java:264)
at java.base/java.util.concurrent.ThreadPoolExecutor.runWorker(ThreadPoolExecutor.java:1128)
at java.base/java.util.concurrent.ThreadPoolExecutor$Worker.run(ThreadPoolExecutor.java:628)
at java.base/java.lang.Thread.run(Thread.java:834)
... Removed 13 stack frames]]>
    </failure>
  </testcase> <!-- @BeforeClass LaunchBrowser -->
  <testcase classname="com.crm.autodesk.GenericLibraries.BaseClass" name="@BeforeMethod loginToAPP" time="-1.631733454753E9">
    <skipped/>
  </testcase> <!-- @BeforeMethod loginToAPP -->
  <testcase classname="com.crm.autodesk.GenericLibraries.BaseClass" name="@AfterMethod logoutOfApp" time="-1.631733454792E9">
    <skipped/>
  </testcase> <!-- @AfterMethod logoutOfApp -->
  <testcase classname="com.crm.autodesk.GenericLibraries.BaseClass" name="@AfterClass closeBrowser" time="-1.631733454819E9">
    <skipped/>
  </testcase> <!-- @AfterClass closeBrowser -->
  <testcase classname="com.crm.autodesk.GenericLibraries.BaseClass" name="@BeforeClass LaunchBrowser" time="-1.631733454834E9">
    <failure type="org.testng.TestNGException" message="
Parameter &amp;apos;BROWSER&amp;apos; is required by BeforeClass on method LaunchBrowser but has not been marked @Optional or defined
in C:\Users\CLIENT\Desktop\final project-workspace\com.crm.autodesk.SDET21\testngCompatability_.xml">
      <![CDATA[org.testng.TestNGException: 
Parameter 'BROWSER' is required by BeforeClass on method LaunchBrowser but has not been marked @Optional or defined
in C:\Users\CLIENT\Desktop\final project-workspace\com.crm.autodesk.SDET21\testngCompatability_.xml
at java.base/java.util.ArrayList.forEach(ArrayList.java:1541)
at java.base/java.util.concurrent.FutureTask.run(FutureTask.java:264)
at java.base/java.util.concurrent.ThreadPoolExecutor.runWorker(ThreadPoolExecutor.java:1128)
at java.base/java.util.concurrent.ThreadPoolExecutor$Worker.run(ThreadPoolExecutor.java:628)
at java.base/java.lang.Thread.run(Thread.java:834)
... Removed 13 stack frames]]>
    </failure>
  </testcase> <!-- @BeforeClass LaunchBrowser -->
  <testcase classname="com.crm.autodesk.GenericLibraries.BaseClass" name="@BeforeMethod loginToAPP" time="-1.63173345484E9">
    <skipped/>
  </testcase> <!-- @BeforeMethod loginToAPP -->
  <testcase classname="com.crm.autodesk.GenericLibraries.BaseClass" name="@AfterMethod logoutOfApp" time="-1.631733454853E9">
    <skipped/>
  </testcase> <!-- @AfterMethod logoutOfApp -->
  <testcase classname="com.crm.autodesk.GenericLibraries.BaseClass" name="@AfterClass closeBrowser" time="-1.631733454856E9">
    <skipped/>
  </testcase> <!-- @AfterClass closeBrowser -->
  <testcase classname="com.crm.autodesk.GenericLibraries.BaseClass" name="@BeforeClass LaunchBrowser" time="-1.631733454861E9">
    <failure type="org.testng.TestNGException" message="
Parameter &amp;apos;BROWSER&amp;apos; is required by BeforeClass on method LaunchBrowser but has not been marked @Optional or defined
in C:\Users\CLIENT\Desktop\final project-workspace\com.crm.autodesk.SDET21\testngCompatability_.xml">
      <![CDATA[org.testng.TestNGException: 
Parameter 'BROWSER' is required by BeforeClass on method LaunchBrowser but has not been marked @Optional or defined
in C:\Users\CLIENT\Desktop\final project-workspace\com.crm.autodesk.SDET21\testngCompatability_.xml
at java.base/java.util.ArrayList.forEach(ArrayList.java:1541)
at java.base/java.util.concurrent.FutureTask.run(FutureTask.java:264)
at java.base/java.util.concurrent.ThreadPoolExecutor.runWorker(ThreadPoolExecutor.java:1128)
at java.base/java.util.concurrent.ThreadPoolExecutor$Worker.run(ThreadPoolExecutor.java:628)
at java.base/java.lang.Thread.run(Thread.java:834)
... Removed 13 stack frames]]>
    </failure>
  </testcase> <!-- @BeforeClass LaunchBrowser -->
  <testcase classname="com.crm.autodesk.GenericLibraries.BaseClass" name="@BeforeMethod loginToAPP" time="-1.631733454885E9">
    <skipped/>
  </testcase> <!-- @BeforeMethod loginToAPP -->
  <testcase classname="com.crm.autodesk.GenericLibraries.BaseClass" name="@AfterMethod logoutOfApp" time="-1.6317334549E9">
    <skipped/>
  </testcase> <!-- @AfterMethod logoutOfApp -->
  <testcase classname="com.crm.autodesk.GenericLibraries.BaseClass" name="@AfterClass closeBrowser" time="-1.631733454906E9">
    <skipped/>
  </testcase> <!-- @AfterClass closeBrowser -->
  <testcase classname="com.crm.autodesk.pom.TC_53_SearchLeadByClickingOnFaxTest" name="SearchLeadByClickingOnFax" time="0.0">
    <skipped/>
  </testcase> <!-- SearchLeadByClickingOnFax -->
  <testcase classname="com.crm.autodesk.pom.TC_52_SearchLeadByClickingOnCreateTimeTestTestNG" name="SearchLeadByClickingOnCreateTime" time="0.0">
    <skipped/>
  </testcase> <!-- SearchLeadByClickingOnCreateTime -->
  <testcase classname="com.crm.autodesk.pom.TC_55_SearchLeadByClickingOnLeadSourceTest" name="SearchLeadByClickingOnLeadNo" time="0.0">
    <skipped/>
  </testcase> <!-- SearchLeadByClickingOnLeadNo -->
  <testcase classname="com.crm.autodesk.pom.TC_51_SearchLeadByClickingOnAnnualRevenueTestTestNG" name="SearchLeadByClickingOnAnnualRevenue" time="0.0">
    <skipped/>
  </testcase> <!-- SearchLeadByClickingOnAnnualRevenue -->
  <testcase classname="com.crm.autodesk.pom.TC_54_SearchLeadByClickingOnLeadNoTest" name="SearchLeadByClickingOnLeadNo" time="0.0">
    <skipped/>
  </testcase> <!-- SearchLeadByClickingOnLeadNo -->
  <testcase classname="com.crm.autodesk.GenericLibraries.BaseClass" name="@AfterSuite closeDB" time="0.0">
    <ignored/>
  </testcase> <!-- @AfterSuite closeDB -->
  <testcase classname="com.crm.autodesk.GenericLibraries.BaseClass" name="@AfterSuite closeDB" time="0.0">
    <ignored/>
  </testcase> <!-- @AfterSuite closeDB -->
  <testcase classname="com.crm.autodesk.GenericLibraries.BaseClass" name="@AfterSuite closeDB" time="0.0">
    <ignored/>
  </testcase> <!-- @AfterSuite closeDB -->
  <testcase classname="com.crm.autodesk.GenericLibraries.BaseClass" name="@AfterSuite closeDB" time="0.0">
    <ignored/>
  </testcase> <!-- @AfterSuite closeDB -->
  <testcase classname="com.crm.autodesk.GenericLibraries.BaseClass" name="@BeforeSuite ConnecttoDB" time="0.0">
    <ignored/>
  </testcase> <!-- @BeforeSuite ConnecttoDB -->
  <testcase classname="com.crm.autodesk.GenericLibraries.BaseClass" name="@BeforeSuite ConnecttoDB" time="0.0">
    <ignored/>
  </testcase> <!-- @BeforeSuite ConnecttoDB -->
  <testcase classname="com.crm.autodesk.GenericLibraries.BaseClass" name="@BeforeSuite ConnecttoDB" time="0.0">
    <ignored/>
  </testcase> <!-- @BeforeSuite ConnecttoDB -->
  <testcase classname="com.crm.autodesk.GenericLibraries.BaseClass" name="@BeforeSuite ConnecttoDB" time="0.0">
    <ignored/>
  </testcase> <!-- @BeforeSuite ConnecttoDB -->
</testsuite> <!-- Test_FireFox -->
